<?xml version="1.0" encoding="UTF-8"?>
<!-- Generated by org.testng.reporters.JUnitReportReporter -->
<testsuite skipped="0" hostname="LAPTOP-8EO5ID8Q" name="com.amazon.testcase.Launch" tests="2" failures="0" timestamp="02 Aug 2019 05:47:43 GMT" time="6.725" errors="0">
  <testcase name="AppLaunch" time="5.724" classname="com.amazon.testcase.Launch"/>
  <testcase name="AppExit" time="1.001" classname="com.amazon.testcase.Launch"/>
</testsuite> <!-- com.amazon.testcase.Launch -->
