<?xml version="1.0" encoding="UTF-8"?>
<!-- Generated by org.testng.reporters.JUnitReportReporter -->
<testsuite skipped="0" hostname="LAPTOP-8EO5ID8Q" name="com.amazon.testcase.Launch" tests="2" failures="0" timestamp="23 Jul 2019 07:05:15 GMT" time="0.060" errors="0">
  <testcase name="Launch" time="0.046" classname="com.amazon.testcase.Launch"/>
  <testcase name="Launch1" time="0.014" classname="com.amazon.testcase.Launch"/>
</testsuite> <!-- com.amazon.testcase.Launch -->
